app/build/outputs/logs/manifest-merger-debug-report.txt
-- Merging decision tree log ---
manifest
ADDED from src\main\AndroidManifest.xml:2:1-57:12
	package
		ADDED from src\main\AndroidManifest.xml:3:5-25
		INJECTED from src\main\AndroidManifest.xml
		INJECTED from src\main\AndroidManifest.xml
	android:versionName
		ADDED from src\main\AndroidManifest.xml:5:5-35
		INJECTED from src\main\AndroidManifest.xml
		INJECTED from src\main\AndroidManifest.xml
	android:versionCode
		ADDED from src\main\AndroidManifest.xml:4:5-28
		INJECTED from src\main\AndroidManifest.xml
		INJECTED from src\main\AndroidManifest.xml
	xmlns:android
		ADDED from src\main\AndroidManifest.xml:2:11-69
uses-sdk
ADDED from src\main\AndroidManifest.xml:7:5-9:41
MERGED from [com.android.support:gridlayout-v7:19.1.0] AndroidManifest.xml:18:5-42
	android:targetSdkVersion
		ADDED from src\main\AndroidManifest.xml:9:9-38
		INJECTED from src\main\AndroidManifest.xml
		INJECTED from src\main\AndroidManifest.xml
	android:minSdkVersion
		ADDED from src\main\AndroidManifest.xml:8:9-35
		INJECTED from src\main\AndroidManifest.xml
		INJECTED from src\main\AndroidManifest.xml
application
ADDED from src\main\AndroidManifest.xml:11:5-55:19
MERGED from [com.android.support:gridlayout-v7:19.1.0] AndroidManifest.xml:19:5-20
	android:label
		ADDED from src\main\AndroidManifest.xml:14:9-41
	android:killAfterRestore
		ADDED from src\main\AndroidManifest.xml:15:40-72
	android:allowBackup
		ADDED from src\main\AndroidManifest.xml:12:9-35
	android:icon
		ADDED from src\main\AndroidManifest.xml:13:9-47
	android:theme
		ADDED from src\main\AndroidManifest.xml:15:9-39
activity#com.peisky.sm.shiftmanager.MainActivity
ADDED from src\main\AndroidManifest.xml:16:9-26:20
	android:screenOrientation
		ADDED from src\main\AndroidManifest.xml:21:13-49
	android:label
		ADDED from src\main\AndroidManifest.xml:18:13-45
	android:icon
		ADDED from src\main\AndroidManifest.xml:19:13-51
	android:theme
		ADDED from src\main\AndroidManifest.xml:20:12-42
	android:name
		ADDED from src\main\AndroidManifest.xml:17:13-67
intent-filter#android.intent.action.MAIN+android.intent.category.LAUNCHER
ADDED from src\main\AndroidManifest.xml:22:13-25:29
action#android.intent.action.MAIN
ADDED from src\main\AndroidManifest.xml:23:17-69
	android:name
		ADDED from src\main\AndroidManifest.xml:23:25-66
category#android.intent.category.LAUNCHER
ADDED from src\main\AndroidManifest.xml:24:17-77
	android:name
		ADDED from src\main\AndroidManifest.xml:24:27-74
activity#com.peisky.sm.shiftmanager.Workerlist
ADDED from src\main\AndroidManifest.xml:27:9-30:57
	android:screenOrientation
		ADDED from src\main\AndroidManifest.xml:28:13-49
	android:label
		ADDED from src\main\AndroidManifest.xml:29:14-58
	android:icon
		ADDED from src\main\AndroidManifest.xml:30:14-45
	android:name
		ADDED from src\main\AndroidManifest.xml:27:19-61
activity#com.peisky.sm.shiftmanager.Gridact
ADDED from src\main\AndroidManifest.xml:31:9-35:26
	android:label
		ADDED from src\main\AndroidManifest.xml:33:14-49
	android:windowSoftInputMode
		ADDED from src\main\AndroidManifest.xml:32:14-56
	android:icon
		ADDED from src\main\AndroidManifest.xml:34:14-45
	android:name
		ADDED from src\main\AndroidManifest.xml:31:19-58
activity#com.peisky.sm.shiftmanager.ArrangementSetUp
ADDED from src\main\AndroidManifest.xml:37:9-40:56
	android:screenOrientation
		ADDED from src\main\AndroidManifest.xml:38:13-49
	android:label
		ADDED from src\main\AndroidManifest.xml:39:13-48
	android:icon
		ADDED from src\main\AndroidManifest.xml:40:13-44
	android:name
		ADDED from src\main\AndroidManifest.xml:37:19-67
activity#com.peisky.sm.shiftmanager.BrowseShifts
ADDED from src\main\AndroidManifest.xml:42:9-45:56
	android:screenOrientation
		ADDED from src\main\AndroidManifest.xml:43:13-49
	android:label
		ADDED from src\main\AndroidManifest.xml:44:13-48
	android:icon
		ADDED from src\main\AndroidManifest.xml:45:13-44
	android:name
		ADDED from src\main\AndroidManifest.xml:42:19-63
activity#com.peisky.sm.shiftmanager.ReadTable
ADDED from src\main\AndroidManifest.xml:47:9-49:56
	android:screenOrientation
		ADDED from src\main\AndroidManifest.xml:48:13-49
	android:icon
		ADDED from src\main\AndroidManifest.xml:49:13-44
	android:name
		ADDED from src\main\AndroidManifest.xml:47:19-60
activity#com.peisky.sm.shiftmanager.SettingActivity
ADDED from src\main\AndroidManifest.xml:51:9-54:56
	android:screenOrientation
		ADDED from src\main\AndroidManifest.xml:52:13-49
	android:label
		ADDED from src\main\AndroidManifest.xml:53:13-49
	android:icon
		ADDED from src\main\AndroidManifest.xml:54:13-44
	android:name
		ADDED from src\main\AndroidManifest.xml:51:19-66